[debug] [2022-07-17T13:24:11.475Z] ----------------------------------------------------------------------
[debug] [2022-07-17T13:24:11.476Z] Command:       /usr/local/bin/node /usr/local/bin/firebase init
[debug] [2022-07-17T13:24:11.476Z] CLI Version:   11.2.2
[debug] [2022-07-17T13:24:11.476Z] Platform:      darwin
[debug] [2022-07-17T13:24:11.476Z] Node Version:  v16.15.1
[debug] [2022-07-17T13:24:11.479Z] Time:          Sun Jul 17 2022 20:24:11 GMT+0700 (Indochina Time)
[debug] [2022-07-17T13:24:11.479Z] ----------------------------------------------------------------------
[debug] 
[debug] [2022-07-17T13:24:11.506Z] > command requires scopes: ["email","openid","https://www.googleapis.com/auth/cloudplatformprojects.readonly","https://www.googleapis.com/auth/firebase","https://www.googleapis.com/auth/cloud-platform"]
[debug] [2022-07-17T13:24:11.507Z] > authorizing via signed-in user (work.with.dino.888@gmail.com)
[info] 
     ######## #### ########  ######## ########     ###     ######  ########
     ##        ##  ##     ## ##       ##     ##  ##   ##  ##       ##
     ######    ##  ########  ######   ########  #########  ######  ######
     ##        ##  ##    ##  ##       ##     ## ##     ##       ## ##
     ##       #### ##     ## ######## ########  ##     ##  ######  ########

You're about to initialize a Firebase project in this directory:

  /Users/dino/Documents/FE -BOBO-deployed/personalProject-FE

Before we get started, keep in mind:

  * You are initializing within an existing Firebase project directory

[info] 
=== Project Setup
[info] 
[info] First, let's associate this project directory with a Firebase project.
[info] You can create multiple project aliases by running firebase use --add, 
[info] but for now we'll just set up a default project.
[info] 
[debug] [2022-07-17T13:24:14.368Z] Using project from CLI flag: bobo-ats-a0357
[debug] [2022-07-17T13:24:14.373Z] >>> [apiv2][query] GET https://firebase.googleapis.com/v1beta1/projects/bobo-ats-a0357 [none]
[debug] [2022-07-17T13:24:14.916Z] <<< [apiv2][status] GET https://firebase.googleapis.com/v1beta1/projects/bobo-ats-a0357 200
[debug] [2022-07-17T13:24:14.916Z] <<< [apiv2][body] GET https://firebase.googleapis.com/v1beta1/projects/bobo-ats-a0357 {"projectId":"bobo-ats-a0357","projectNumber":"267063192359","displayName":"BoBo-ATS","name":"projects/bobo-ats-a0357","resources":{"hostingSite":"bobo-ats-a0357"},"state":"ACTIVE"}
[info] i  Using project bobo-ats-a0357 (BoBo-ATS) 
[info] 
=== Hosting Setup
[info] 
[info] Your public directory is the folder (relative to your project directory) that
[info] will contain Hosting assets to be uploaded with firebase deploy. If you
[info] have a build process for your assets, use your build's output directory.
[info] 
[debug] [2022-07-17T13:24:28.110Z] >>> [apiv2][query] GET https://www.gstatic.com/firebasejs/releases.json [none]
[debug] [2022-07-17T13:24:28.261Z] <<< [apiv2][status] GET https://www.gstatic.com/firebasejs/releases.json 200
[debug] [2022-07-17T13:24:28.261Z] <<< [apiv2][body] GET https://www.gstatic.com/firebasejs/releases.json {"current":{"version":"9.9.0","browserURL":"https://www.gstatic.com/firebasejs/9.9.0/firebase.js","packageURL":"https://www.gstatic.com/firebasejs/9.9.0/firebase.tgz"},"live":{"version":"9.9","browserURL":"https://www.gstatic.com/firebasejs/live/9.9/firebase.js","packageURL":"https://www.gstatic.com/firebasejs/live/9.9/firebase.tgz"},"components":{"analytics":"https://www.gstatic.com/firebasejs/9.9.0/firebase-analytics.js","app":"https://www.gstatic.com/firebasejs/9.9.0/firebase-app.js","app-check":"https://www.gstatic.com/firebasejs/9.9.0/firebase-app-check.js","auth":"https://www.gstatic.com/firebasejs/9.9.0/firebase-auth.js","auth/cordova":"https://www.gstatic.com/firebasejs/9.9.0/firebase-auth/cordova.js","auth/react-native":"https://www.gstatic.com/firebasejs/9.9.0/firebase-auth/react-native.js","functions":"https://www.gstatic.com/firebasejs/9.9.0/firebase-functions.js","firestore":"https://www.gstatic.com/firebasejs/9.9.0/firebase-firestore.js","firestore/lite":"https://www.gstatic.com/firebasejs/9.9.0/firebase-firestore/lite.js","installations":"https://www.gstatic.com/firebasejs/9.9.0/firebase-installations.js","storage":"https://www.gstatic.com/firebasejs/9.9.0/firebase-storage.js","performance":"https://www.gstatic.com/firebasejs/9.9.0/firebase-performance.js","remote-config":"https://www.gstatic.com/firebasejs/9.9.0/firebase-remote-config.js","messaging":"https://www.gstatic.com/firebasejs/9.9.0/firebase-messaging.js","messaging/sw":"https://www.gstatic.com/firebasejs/9.9.0/firebase-messaging/sw.js","database":"https://www.gstatic.com/firebasejs/9.9.0/firebase-database.js","firestore.memory":"https://www.gstatic.com/firebasejs/9.9.0/firebase-firestore.memory.js"}}
[info] i  Skipping write of build/index.html 
[info] 
[info] i  Detected a .git folder at /Users/dino/Documents/FE -BOBO-deployed/personalProject-FE 
[info] i  Authorizing with GitHub to upload your service account to a GitHub repository's secrets store. 
[info] 
[info] Visit this URL on this device to log in:
[info] https://github.com/login/oauth/authorize?client_id=89cf50f02ac6aaed3484&state=759175114&redirect_uri=http%3A%2F%2Flocalhost%3A9005&scope=read%3Auser%20repo%20public_repo
[info] 
[info] Waiting for authentication...
[debug] [2022-07-17T13:24:54.418Z] >>> [apiv2][query] POST https://github.com/login/oauth/access_token [none]
[debug] [2022-07-17T13:24:54.419Z] >>> [apiv2][body] POST https://github.com/login/oauth/access_token [stream]
[debug] [2022-07-17T13:24:54.940Z] <<< [apiv2][status] POST https://github.com/login/oauth/access_token 200
[debug] [2022-07-17T13:24:54.941Z] <<< [apiv2][body] POST https://github.com/login/oauth/access_token {"access_token":"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","token_type":"bearer","scope":"read:user,repo"}
[debug] [2022-07-17T13:24:54.948Z] >>> [apiv2][query] GET https://api.github.com/user [none]
[debug] [2022-07-17T13:24:55.451Z] <<< [apiv2][status] GET https://api.github.com/user 200
[debug] [2022-07-17T13:24:55.451Z] <<< [apiv2][body] GET https://api.github.com/user {"login":"Dino-000","id":105899761,"node_id":"U_kgDOBk_m8Q","avatar_url":"https://avatars.githubusercontent.com/u/105899761?v=4","gravatar_id":"","url":"https://api.github.com/users/Dino-000","html_url":"https://github.com/Dino-000","followers_url":"https://api.github.com/users/Dino-000/followers","following_url":"https://api.github.com/users/Dino-000/following{/other_user}","gists_url":"https://api.github.com/users/Dino-000/gists{/gist_id}","starred_url":"https://api.github.com/users/Dino-000/starred{/owner}{/repo}","subscriptions_url":"https://api.github.com/users/Dino-000/subscriptions","organizations_url":"https://api.github.com/users/Dino-000/orgs","repos_url":"https://api.github.com/users/Dino-000/repos","events_url":"https://api.github.com/users/Dino-000/events{/privacy}","received_events_url":"https://api.github.com/users/Dino-000/received_events","type":"User","site_admin":false,"name":"Dino-holic","company":null,"blog":"","location":null,"email":null,"hireable":null,"bio":null,"twitter_username":null,"public_repos":15,"public_gists":0,"followers":0,"following":1,"created_at":"2022-05-20T03:07:52Z","updated_at":"2022-07-15T07:18:41Z","private_gists":0,"total_private_repos":0,"owned_private_repos":0,"disk_usage":204445,"collaborators":0,"two_factor_authentication":false,"plan":{"name":"free","space":976562499,"collaborators":0,"private_repos":10000}}
[info] 
[info] ✔  Success! Logged into GitHub as Dino-000 
[info] 
